Unity Editor version:    2020.3.20f1 (41c4e627c95f)
Branch:                  2020.3/staging
Build type:              Release
Batch mode:              YES
System name:             Linux
Distro version:          #71-Ubuntu SMP Tue Jul 13 15:59:12 UTC 2021
Kernel version:          5.8.0-63-generic
Architecture:            x86_64
Available memory:        6961 MB
Using pre-set license
Pro License: NO
Desktop is 1920 x 1080 @ 60 Hz

COMMAND LINE ARGUMENTS:
Unity
-adb2
-batchMode
-noUpm
-name
AssetImportWorker0
-projectPath
/home/philip/git/probuilder-test
-logFile
Logs/AssetImportWorker0.log
-srvPort
36685
Successfully changed project path to: /home/philip/git/probuilder-test
/home/philip/git/probuilder-test
Using Asset Import Pipeline V2.
Refreshing native plugins compatible for Editor in 58.80 ms, found 0 plugins.
Preloading 0 native plugins for Editor in 0.00 ms.
Initialize engine version: 2020.3.20f1 (41c4e627c95f)
[Subsystems] Discovering subsystems at path /home/philip/unity/2020.3.20f1/Editor/Data/Resources/UnitySubsystems
[Subsystems] Discovering subsystems at path /home/philip/git/probuilder-test/Assets
GLX Extensions: GLX_ARB_create_context GLX_ARB_create_context_no_error GLX_ARB_create_context_profile GLX_ARB_create_context_robustness GLX_ARB_fbconfig_float GLX_ARB_framebuffer_sRGB GLX_ARB_get_proc_address GLX_ARB_multisample GLX_EXT_buffer_age GLX_EXT_create_context_es2_profile GLX_EXT_create_context_es_profile GLX_EXT_fbconfig_packed_float GLX_EXT_framebuffer_sRGB GLX_EXT_import_context GLX_EXT_texture_from_pixmap GLX_EXT_visual_info GLX_EXT_visual_rating GLX_INTEL_swap_event GLX_MESA_copy_sub_buffer GLX_MESA_query_renderer GLX_MESA_swap_control GLX_OML_swap_method GLX_OML_sync_control GLX_SGIS_multisample GLX_SGIX_fbconfig GLX_SGIX_pbuffer GLX_SGIX_visual_select_group GLX_SGI_make_current_read GLX_SGI_swap_control GLX_SGI_video_sync 
Renderer: AMD RAVEN (DRM 3.38.0, 5.8.0-63-generic, LLVM 11.0.0)
Vendor:   X.Org
Version:  4.6 (Core Profile) Mesa 20.2.6
GLES:     0
 GL_AMD_conservative_depth GL_AMD_depth_clamp_separate GL_AMD_draw_buffers_blend GL_AMD_framebuffer_multisample_advanced GL_AMD_gpu_shader_int64 GL_AMD_multi_draw_indirect GL_AMD_performance_monitor GL_AMD_pinned_memory GL_AMD_query_buffer_object GL_AMD_seamless_cubemap_per_texture GL_AMD_shader_stencil_export GL_AMD_shader_trinary_minmax GL_AMD_texture_texture4 GL_AMD_vertex_shader_layer GL_AMD_vertex_shader_viewport_index GL_ANGLE_texture_compression_dxt3 GL_ANGLE_texture_compression_dxt5 GL_ARB_ES2_compatibility GL_ARB_ES3_1_compatibility GL_ARB_ES3_2_compatibility GL_ARB_ES3_compatibility GL_ARB_arrays_of_arrays GL_ARB_base_instance GL_ARB_bindless_texture GL_ARB_blend_func_extended GL_ARB_buffer_storage GL_ARB_clear_buffer_object GL_ARB_clear_texture GL_ARB_clip_control GL_ARB_color_buffer_float GL_ARB_compressed_texture_pixel_storage GL_ARB_compute_shader GL_ARB_compute_variable_group_size GL_ARB_conditional_render_inverted GL_ARB_conservative_depth GL_ARB_copy_buffer GL_ARB_copy_image GL_ARB_cull_dist
ance GL_ARB_debug_output GL_ARB_depth_buffer_float GL_ARB_depth_clamp GL_ARB_derivative_control GL_ARB_direct_state_access GL_ARB_draw_buffers GL_ARB_draw_buffers_blend GL_ARB_draw_elements_base_vertex GL_ARB_draw_indirect GL_ARB_draw_instanced GL_ARB_enhanced_layouts GL_ARB_explicit_attrib_location GL_ARB_explicit_uniform_location GL_ARB_fragment_coord_conventions GL_ARB_fragment_layer_viewport GL_ARB_fragment_shader GL_ARB_framebuffer_no_attachments GL_ARB_framebuffer_object GL_ARB_framebuffer_sRGB GL_ARB_get_program_binary GL_ARB_get_texture_sub_image GL_ARB_gl_spirv GL_ARB_gpu_shader5 GL_ARB_gpu_shader_fp64 GL_ARB_gpu_shader_int64 GL_ARB_half_float_pixel GL_ARB_half_float_vertex GL_ARB_indirect_parameters GL_ARB_instanced_arrays GL_ARB_internalformat_query GL_ARB_internalformat_query2 GL_ARB_invalidate_subdata GL_ARB_map_buffer_alignment GL_ARB_map_buffer_range GL_ARB_multi_bind GL_ARB_multi_draw_indirect GL_ARB_occlusion_query2 GL_ARB_parallel_shader_compile GL_ARB_pipeline_statistics_query GL_ARB_pixel
_buffer_object GL_ARB_point_sprite GL_ARB_polygon_offset_clamp GL_ARB_program_interface_query GL_ARB_provoking_vertex GL_ARB_query_buffer_object GL_ARB_robust_buffer_access_behavior GL_ARB_robustness GL_ARB_sample_shading GL_ARB_sampler_objects GL_ARB_seamless_cube_map GL_ARB_seamless_cubemap_per_texture GL_ARB_separate_shader_objects GL_ARB_shader_atomic_counter_ops GL_ARB_shader_atomic_counters GL_ARB_shader_ballot GL_ARB_shader_bit_encoding GL_ARB_shader_clock GL_ARB_shader_draw_parameters GL_ARB_shader_group_vote GL_ARB_shader_image_load_store GL_ARB_shader_image_size GL_ARB_shader_objects GL_ARB_shader_precision GL_ARB_shader_stencil_export GL_ARB_shader_storage_buffer_object GL_ARB_shader_subroutine GL_ARB_shader_texture_image_samples GL_ARB_shader_texture_lod GL_ARB_shader_viewport_layer_array GL_ARB_shading_language_420pack GL_ARB_shading_language_include GL_ARB_shading_language_packing GL_ARB_sparse_buffer GL_ARB_spirv_extensions GL_ARB_stencil_texturing GL_ARB_sync GL_ARB_tessellation_shader GL_ARB
_texture_barrier GL_ARB_texture_buffer_object GL_ARB_texture_buffer_object_rgb32 GL_ARB_texture_buffer_range GL_ARB_texture_compression_bptc GL_ARB_texture_compression_rgtc GL_ARB_texture_cube_map_array GL_ARB_texture_filter_anisotropic GL_ARB_texture_float GL_ARB_texture_gather GL_ARB_texture_mirror_clamp_to_edge GL_ARB_texture_multisample GL_ARB_texture_non_power_of_two GL_ARB_texture_query_levels GL_ARB_texture_query_lod GL_ARB_texture_rectangle GL_ARB_texture_rg GL_ARB_texture_rgb10_a2ui GL_ARB_texture_stencil8 GL_ARB_texture_storage GL_ARB_texture_storage_multisample GL_ARB_texture_swizzle GL_ARB_texture_view GL_ARB_timer_query GL_ARB_transform_feedback2 GL_ARB_transform_feedback3 GL_ARB_transform_feedback_instanced GL_ARB_transform_feedback_overflow_query GL_ARB_uniform_buffer_object GL_ARB_vertex_array_bgra GL_ARB_vertex_array_object GL_ARB_vertex_attrib_64bit GL_ARB_vertex_attrib_binding GL_ARB_vertex_buffer_object GL_ARB_vertex_shader GL_ARB_vertex_type_10f_11f_11f_rev GL_ARB_vertex_type_2_10_10_10_
rev GL_ARB_viewport_array GL_ATI_blend_equation_separate GL_ATI_meminfo GL_ATI_texture_float GL_ATI_texture_mirror_once GL_EXT_EGL_image_storage GL_EXT_EGL_sync GL_EXT_abgr GL_EXT_blend_equation_separate GL_EXT_depth_bounds_test GL_EXT_draw_buffers2 GL_EXT_draw_instanced GL_EXT_framebuffer_blit GL_EXT_framebuffer_multisample GL_EXT_framebuffer_multisample_blit_scaled GL_EXT_framebuffer_object GL_EXT_framebuffer_sRGB GL_EXT_memory_object GL_EXT_memory_object_fd GL_EXT_packed_depth_stencil GL_EXT_packed_float GL_EXT_pixel_buffer_object GL_EXT_polygon_offset_clamp GL_EXT_provoking_vertex GL_EXT_semaphore GL_EXT_semaphore_fd GL_EXT_shader_image_load_formatted GL_EXT_shader_image_load_store GL_EXT_shader_integer_mix GL_EXT_shader_samples_identical GL_EXT_texture_array GL_EXT_texture_compression_dxt1 GL_EXT_texture_compression_rgtc GL_EXT_texture_compression_s3tc GL_EXT_texture_filter_anisotropic GL_EXT_texture_integer GL_EXT_texture_mirror_clamp GL_EXT_texture_sRGB GL_EXT_texture_sRGB_R8 GL_EXT_texture_sRGB_decod
e GL_EXT_texture_shadow_lod GL_EXT_texture_shared_exponent GL_EXT_texture_snorm GL_EXT_texture_swizzle GL_EXT_timer_query GL_EXT_transform_feedback GL_EXT_vertex_array_bgra GL_EXT_vertex_attrib_64bit GL_EXT_window_rectangles GL_IBM_multimode_draw_arrays GL_KHR_blend_equation_advanced GL_KHR_context_flush_control GL_KHR_debug GL_KHR_no_error GL_KHR_parallel_shader_compile GL_KHR_robust_buffer_access_behavior GL_KHR_robustness GL_KHR_texture_compression_astc_ldr GL_KHR_texture_compression_astc_sliced_3d GL_MESA_framebuffer_flip_y GL_MESA_pack_invert GL_MESA_shader_integer_functions GL_MESA_texture_signed_rgba GL_NVX_gpu_memory_info GL_NV_alpha_to_coverage_dither_control GL_NV_conditional_render GL_NV_copy_image GL_NV_depth_clamp GL_NV_packed_depth_stencil GL_NV_texture_barrier GL_NV_vdpau_interop GL_OES_EGL_image GL_S3_s3tc
OPENGL LOG: Creating OpenGL 4.6 graphics device ; Context level  <OpenGL 4.5> ; Context handle -720639408
Initialize mono
Mono path[0] = '/home/philip/unity/2020.3.20f1/Editor/Data/Managed'
Mono path[1] = '/home/philip/unity/2020.3.20f1/Editor/Data/MonoBleedingEdge/lib/mono/unityjit'
Mono config path = '/home/philip/unity/2020.3.20f1/Editor/Data/MonoBleedingEdge/etc'
Using monoOptions --debugger-agent=transport=dt_socket,embedding=1,server=y,suspend=n,address=127.0.0.1:56144
Begin MonoManager ReloadAssembly
Registering precompiled unity dll's ...
Register platform support module: /home/philip/unity/2020.3.20f1/Editor/Data/PlaybackEngines/WebGLSupport/UnityEditor.WebGL.Extensions.dll
Register platform support module: /home/philip/unity/2020.3.20f1/Editor/Data/PlaybackEngines/LinuxStandaloneSupport/UnityEditor.LinuxStandalone.Extensions.dll
Registered in 0.001154 seconds.
Native extension for LinuxStandalone target not found
Native extension for WebGL target not found
Refreshing native plugins compatible for Editor in 55.84 ms, found 0 plugins.
Preloading 0 native plugins for Editor in 0.00 ms.
Mono: successfully reloaded assembly
- Completed reload, in  2.359 seconds
Domain Reload Profiling:
	ReloadAssembly (2359ms)
		BeginReloadAssembly (34ms)
			ExecutionOrderSort (0ms)
			DisableScriptedObjects (0ms)
			BackupInstance (0ms)
			ReleaseScriptingObjects (0ms)
			CreateAndSetChildDomain (1ms)
		EndReloadAssembly (834ms)
			LoadAssemblies (31ms)
			RebuildTransferFunctionScriptingTraits (0ms)
			SetupTypeCache (246ms)
			ReleaseScriptCaches (0ms)
			RebuildScriptCaches (39ms)
			SetupLoadedEditorAssemblies (415ms)
				LogAssemblyErrors (0ms)
				InitializePlatformSupportModulesInManaged (5ms)
				SetLoadedEditorAssemblies (0ms)
				RefreshPlugins (56ms)
				BeforeProcessingInitializeOnLoad (10ms)
				ProcessInitializeOnLoadAttributes (148ms)
				ProcessInitializeOnLoadMethodAttributes (196ms)
				AfterProcessingInitializeOnLoad (0ms)
				EditorAssembliesLoaded (0ms)
			ExecutionOrderSort2 (0ms)
			AwakeInstancesAfterBackupRestoration (0ms)
Platform modules already initialized, skipping
Registering precompiled user dll's ...
Registered in 0.001786 seconds.
Begin MonoManager ReloadAssembly
Native extension for LinuxStandalone target not found
Native extension for WebGL target not found
Refreshing native plugins compatible for Editor in 56.26 ms, found 0 plugins.
Preloading 0 native plugins for Editor in 0.00 ms.
Mono: successfully reloaded assembly
- Completed reload, in  1.559 seconds
Domain Reload Profiling:
	ReloadAssembly (1827ms)
		BeginReloadAssembly (151ms)
			ExecutionOrderSort (0ms)
			DisableScriptedObjects (6ms)
			BackupInstance (0ms)
			ReleaseScriptingObjects (0ms)
			CreateAndSetChildDomain (32ms)
		EndReloadAssembly (1609ms)
			LoadAssemblies (73ms)
			RebuildTransferFunctionScriptingTraits (0ms)
			SetupTypeCache (376ms)
			ReleaseScriptCaches (1ms)
			RebuildScriptCaches (72ms)
			SetupLoadedEditorAssemblies (674ms)
				LogAssemblyErrors (0ms)
				InitializePlatformSupportModulesInManaged (12ms)
				SetLoadedEditorAssemblies (0ms)
				RefreshPlugins (56ms)
				BeforeProcessingInitializeOnLoad (66ms)
				ProcessInitializeOnLoadAttributes (521ms)
				ProcessInitializeOnLoadMethodAttributes (11ms)
				AfterProcessingInitializeOnLoad (6ms)
				EditorAssembliesLoaded (0ms)
			ExecutionOrderSort2 (0ms)
			AwakeInstancesAfterBackupRestoration (10ms)
Platform modules already initialized, skipping
========================================================================
Worker process is ready to serve import requests
Launched and connected shader compiler UnityShaderCompiler after 0.44 seconds
Refreshing native plugins compatible for Editor in 0.87 ms, found 0 plugins.
Preloading 0 native plugins for Editor in 0.00 ms.
Unloading 2260 Unused Serialized files (Serialized files now loaded: 0)
System memory in use before: 93.2 MB.
System memory in use after: 93.3 MB.

Unloading 19 unused Assets to reduce memory usage. Loaded Objects now: 2700.
Total: 10.784663 ms (FindLiveObjects: 0.399240 ms CreateObjectMapping: 0.135415 ms MarkObjects: 10.025887 ms  DeleteObjects: 0.222078 ms)

AssetImportParameters requested are different than current active one (requested -> active):
  custom:video-decoder-ogg-theora: a1e56fd34408186e4bbccfd4996cb3dc -> 
  custom:container-muxer-webm: aa71ff27fc2769a1b78a27578f13a17b -> 
  custom:container-demuxer-webm: 4f35f7cbe854078d1ac9338744f61a02 -> 
  custom:container-demuxer-ogg: 62fdf1f143b41e24485cea50d1cbac27 -> 
  custom:video-encoder-webm-vp8: eb34c28f22e8b96e1ab97ce403110664 -> 
  custom:video-decoder-webm-vp8: 9c59270c3fd7afecdb556c50c9e8de78 -> 
  custom:audio-decoder-ogg-vorbis: bf7c407c2cedff20999df2af8eb42d56 -> 
  custom:audio-encoder-webm-vorbis: bf7c407c2cedff20999df2af8eb42d56 -> 
========================================================================
Received Import Request.
  path: Assets/Sci Fi Modular Pack/Prefabs/WallIntersection3.prefab
  artifactKey: Guid(d209b0b8383794987a2a03fbc8b1e920) Importer(815301076,1909f56bfc062723c751e8b465ee728b)
Start importing Assets/Sci Fi Modular Pack/Prefabs/WallIntersection3.prefab using Guid(d209b0b8383794987a2a03fbc8b1e920) Importer(815301076,1909f56bfc062723c751e8b465ee728b)  -> (artifact id: 'a8b5757cac4b23f6a60873bcec2e3e42') in 1.408420 seconds 
  Import took 1.414012 seconds .

========================================================================
Received Import Request.
  Time since last request: 0.000275 seconds.
  path: Assets/Sci Fi Modular Pack/Prefabs/TopWall4.prefab
  artifactKey: Guid(397e71ac2fe4f4d959524578cfabd45b) Importer(815301076,1909f56bfc062723c751e8b465ee728b)
Start importing Assets/Sci Fi Modular Pack/Prefabs/TopWall4.prefab using Guid(397e71ac2fe4f4d959524578cfabd45b) Importer(815301076,1909f56bfc062723c751e8b465ee728b)  -> (artifact id: 'ec89dec165c36144eeb83e6b799415b0') in 0.557903 seconds 
  Import took 0.623355 seconds .

========================================================================
Received Import Request.
  Time since last request: 0.000268 seconds.
  path: Assets/Sci Fi Modular Pack/Prefabs/Box3.prefab
  artifactKey: Guid(8bfb4b7ce5f3a4a4d9f81ddf253d08a3) Importer(815301076,1909f56bfc062723c751e8b465ee728b)
Start importing Assets/Sci Fi Modular Pack/Prefabs/Box3.prefab using Guid(8bfb4b7ce5f3a4a4d9f81ddf253d08a3) Importer(815301076,1909f56bfc062723c751e8b465ee728b)  -> (artifact id: '3fbb642d1227c43f12b2b8cc6d425ed3') in 0.121927 seconds 
  Import took 0.184013 seconds .

========================================================================
Received Import Request.
  Time since last request: 0.000242 seconds.
  path: Assets/Sci Fi Modular Pack/Models/Floor4.fbx
  artifactKey: Guid(bb01b9278a1b047a796cd1810d13fa84) Importer(815301076,1909f56bfc062723c751e8b465ee728b)
Start importing Assets/Sci Fi Modular Pack/Models/Floor4.fbx using Guid(bb01b9278a1b047a796cd1810d13fa84) Importer(815301076,1909f56bfc062723c751e8b465ee728b)  -> (artifact id: 'fc58bd865af805801cbcd573b98b34b6') in 5.744750 seconds 
  Import took 5.846976 seconds .

========================================================================
Received Import Request.
  Time since last request: 0.000385 seconds.
  path: Assets/Sci Fi Modular Pack/Models/SideWall1.fbx
  artifactKey: Guid(9b87c28772d3f44d8929187f7ca901e4) Importer(815301076,1909f56bfc062723c751e8b465ee728b)
Start importing Assets/Sci Fi Modular Pack/Models/SideWall1.fbx using Guid(9b87c28772d3f44d8929187f7ca901e4) Importer(815301076,1909f56bfc062723c751e8b465ee728b)  -> (artifact id: 'f9cc419b32b10950541d5658464c6637') in 0.314186 seconds 
  Import took 0.422164 seconds .

========================================================================
Received Import Request.
  Time since last request: 0.000354 seconds.
  path: Assets/Sci Fi Modular Pack/Models/Floor5.fbx
  artifactKey: Guid(e554b1ced7e574e68b01a47c95fa9ad9) Importer(815301076,1909f56bfc062723c751e8b465ee728b)
Start importing Assets/Sci Fi Modular Pack/Models/Floor5.fbx using Guid(e554b1ced7e574e68b01a47c95fa9ad9) Importer(815301076,1909f56bfc062723c751e8b465ee728b)  -> (artifact id: 'd51b4eff299f65cda72f679bd649faa1') in 0.468899 seconds 
  Import took 0.548181 seconds .

========================================================================
Received Import Request.
  Time since last request: 0.000323 seconds.
  path: Assets/Sci Fi Modular Pack/Prefabs/Box1.prefab
  artifactKey: Guid(2340976c2c4724452a5f8c3cf4d34d6f) Importer(815301076,1909f56bfc062723c751e8b465ee728b)
Start importing Assets/Sci Fi Modular Pack/Prefabs/Box1.prefab using Guid(2340976c2c4724452a5f8c3cf4d34d6f) Importer(815301076,1909f56bfc062723c751e8b465ee728b)  -> (artifact id: 'd3f6e00a8a5d18b52731d30372d135be') in 1.494460 seconds 
  Import took 1.961395 seconds .

========================================================================
Received Import Request.
  Time since last request: 0.000615 seconds.
  path: Assets/Sci Fi Modular Pack/Prefabs/WallIntersection2.prefab
  artifactKey: Guid(bfbe2d0ef9f1b4132a79fecec88405c3) Importer(815301076,1909f56bfc062723c751e8b465ee728b)
Start importing Assets/Sci Fi Modular Pack/Prefabs/WallIntersection2.prefab using Guid(bfbe2d0ef9f1b4132a79fecec88405c3) Importer(815301076,1909f56bfc062723c751e8b465ee728b)  -> (artifact id: '38195c13fc8d509f84edbedaaf28a1a2') in 3.120591 seconds 
  Import took 3.351116 seconds .

========================================================================
Received Import Request.
  Time since last request: 0.000546 seconds.
  path: Assets/Sci Fi Modular Pack/Prefabs/WallIntersection.prefab
  artifactKey: Guid(51561c5ac6ad94dc2bc464238ad02aa4) Importer(815301076,1909f56bfc062723c751e8b465ee728b)
Start importing Assets/Sci Fi Modular Pack/Prefabs/WallIntersection.prefab using Guid(51561c5ac6ad94dc2bc464238ad02aa4) Importer(815301076,1909f56bfc062723c751e8b465ee728b)  -> (artifact id: '53292a8c6802fd5fa70a469424d75012') in 0.702401 seconds 
  Import took 0.731878 seconds .

========================================================================
Received Import Request.
  Time since last request: 0.000321 seconds.
  path: Assets/Sci Fi Modular Pack/Models/ProfileEnd.fbx
  artifactKey: Guid(781366a0680514386a12dbbfb39240fe) Importer(815301076,1909f56bfc062723c751e8b465ee728b)
Start importing Assets/Sci Fi Modular Pack/Models/ProfileEnd.fbx using Guid(781366a0680514386a12dbbfb39240fe) Importer(815301076,1909f56bfc062723c751e8b465ee728b)  -> (artifact id: '6063e8e8cd65eb4175e9f19e863b4d62') in 0.159546 seconds 
  Import took 0.166165 seconds .

========================================================================
Received Import Request.
  Time since last request: 0.000301 seconds.
  path: Assets/Sci Fi Modular Pack/Models/Wall2.fbx
  artifactKey: Guid(8e0f9c1e33e964718848c39708aa5720) Importer(815301076,1909f56bfc062723c751e8b465ee728b)
Start importing Assets/Sci Fi Modular Pack/Models/Wall2.fbx using Guid(8e0f9c1e33e964718848c39708aa5720) Importer(815301076,1909f56bfc062723c751e8b465ee728b)  -> (artifact id: '34568a8a43daa1dd6833703f4e3d39ed') in 0.167963 seconds 
  Import took 0.218299 seconds .

========================================================================
Received Import Request.
  Time since last request: 0.000327 seconds.
  path: Assets/Sci Fi Modular Pack/Models/Wall3.fbx
  artifactKey: Guid(bc5cfead19309409a8b986895a55b420) Importer(815301076,1909f56bfc062723c751e8b465ee728b)
Start importing Assets/Sci Fi Modular Pack/Models/Wall3.fbx using Guid(bc5cfead19309409a8b986895a55b420) Importer(815301076,1909f56bfc062723c751e8b465ee728b)  -> (artifact id: 'f2276997743e0b5e27284041e9f97268') in 0.634781 seconds 
  Import took 0.813408 seconds .

========================================================================
Received Import Request.
  Time since last request: 0.000341 seconds.
  path: Assets/Sci Fi Modular Pack/Models/ProfileIntersection.fbx
  artifactKey: Guid(499da3cd699534c44b84f7eb01db1311) Importer(815301076,1909f56bfc062723c751e8b465ee728b)
Start importing Assets/Sci Fi Modular Pack/Models/ProfileIntersection.fbx using Guid(499da3cd699534c44b84f7eb01db1311) Importer(815301076,1909f56bfc062723c751e8b465ee728b)  -> (artifact id: '4889419d1fcd0230f216b94033667145') in 0.127571 seconds 
  Import took 0.159486 seconds .

========================================================================
Received Import Request.
  Time since last request: 0.000321 seconds.
  path: Assets/Sci Fi Modular Pack/Prefabs/Floor2.prefab
  artifactKey: Guid(2878502761c3c4cd185aa9849b4fdb45) Importer(815301076,1909f56bfc062723c751e8b465ee728b)
Start importing Assets/Sci Fi Modular Pack/Prefabs/Floor2.prefab using Guid(2878502761c3c4cd185aa9849b4fdb45) Importer(815301076,1909f56bfc062723c751e8b465ee728b)  -> (artifact id: '9edfe93ba2013309c824218948600b32') in 1.044315 seconds 
  Import took 1.087156 seconds .

========================================================================
Received Import Request.
  Time since last request: 0.000288 seconds.
  path: Assets/Sci Fi Modular Pack/Prefabs/Door.prefab
  artifactKey: Guid(ed1bebb042e3147168587ddcb4481d92) Importer(815301076,1909f56bfc062723c751e8b465ee728b)
Start importing Assets/Sci Fi Modular Pack/Prefabs/Door.prefab using Guid(ed1bebb042e3147168587ddcb4481d92) Importer(815301076,1909f56bfc062723c751e8b465ee728b)  -> (artifact id: '2fb936bdece2d3a69ebe41ccc2fd5e91') in 3.205505 seconds 
  Import took 3.413736 seconds .

========================================================================
Received Import Request.
  Time since last request: 0.000614 seconds.
  path: Assets/Sci Fi Modular Pack/Prefabs/ProfileEnd.prefab
  artifactKey: Guid(686248f5bda1e458c8fc9316d20b1fe7) Importer(815301076,1909f56bfc062723c751e8b465ee728b)
Start importing Assets/Sci Fi Modular Pack/Prefabs/ProfileEnd.prefab using Guid(686248f5bda1e458c8fc9316d20b1fe7) Importer(815301076,1909f56bfc062723c751e8b465ee728b)  -> (artifact id: 'edb219baee058b289bd45d3bfd9fc1ac') in 1.083048 seconds 
  Import took 1.121703 seconds .

========================================================================
Received Import Request.
  Time since last request: 0.000313 seconds.
  path: Assets/Sci Fi Modular Pack/Models/Light2.fbx
  artifactKey: Guid(a0f3b42cacb5346a4a0f4d6764ef9e0f) Importer(815301076,1909f56bfc062723c751e8b465ee728b)
Start importing Assets/Sci Fi Modular Pack/Models/Light2.fbx using Guid(a0f3b42cacb5346a4a0f4d6764ef9e0f) Importer(815301076,1909f56bfc062723c751e8b465ee728b)  -> (artifact id: 'b934fe3ddc7142e96653a93a5029a53d') in 0.599925 seconds 
  Import took 0.639795 seconds .

========================================================================
Received Import Request.
  Time since last request: 0.000329 seconds.
  path: Assets/Sci Fi Modular Pack/Prefabs/Light1.prefab
  artifactKey: Guid(c14386d96a95648009fcc21960e47e3c) Importer(815301076,1909f56bfc062723c751e8b465ee728b)
Start importing Assets/Sci Fi Modular Pack/Prefabs/Light1.prefab using Guid(c14386d96a95648009fcc21960e47e3c) Importer(815301076,1909f56bfc062723c751e8b465ee728b)  -> (artifact id: '87e0a1455a51b5388f291ff745b7cc7a') in 0.743300 seconds 
  Import took 0.751835 seconds .

========================================================================
Received Import Request.
  Time since last request: 0.000279 seconds.
  path: Assets/Sci Fi Modular Pack/Prefabs/WallDoor.prefab
  artifactKey: Guid(b52c268893c724eabb2b2d9d5456b18c) Importer(815301076,1909f56bfc062723c751e8b465ee728b)
Start importing Assets/Sci Fi Modular Pack/Prefabs/WallDoor.prefab using Guid(b52c268893c724eabb2b2d9d5456b18c) Importer(815301076,1909f56bfc062723c751e8b465ee728b)  -> (artifact id: '41b0e39dd1076c5985d46e9ec70936a3') in 2.782436 seconds 
  Import took 2.869484 seconds .

========================================================================
Received Import Request.
  Time since last request: 0.000201 seconds.
  path: Assets/Sci Fi Modular Pack/Prefabs/ProfileWindow.prefab
  artifactKey: Guid(ef7f45de93a47486a8d931a69beea72a) Importer(815301076,1909f56bfc062723c751e8b465ee728b)
Start importing Assets/Sci Fi Modular Pack/Prefabs/ProfileWindow.prefab using Guid(ef7f45de93a47486a8d931a69beea72a) Importer(815301076,1909f56bfc062723c751e8b465ee728b)  -> (artifact id: 'c21640120d3ca2db78dd63f7e748c816') in 6.556033 seconds 
  Import took 6.568506 seconds .

========================================================================
Received Import Request.
  Time since last request: 0.014308 seconds.
  path: Assets/Sci Fi Modular Pack/Models/WallIntersection1.fbx
  artifactKey: Guid(f9c4efeaf2929440f8e8b566b4562e29) Importer(815301076,1909f56bfc062723c751e8b465ee728b)
Start importing Assets/Sci Fi Modular Pack/Models/WallIntersection1.fbx using Guid(f9c4efeaf2929440f8e8b566b4562e29) Importer(815301076,1909f56bfc062723c751e8b465ee728b)  -> (artifact id: 'a6947353d74fef9c2a87c36d2e2b7b66') in 0.267840 seconds 
  Import took 0.272272 seconds .

========================================================================
Received Import Request.
  Time since last request: 0.000300 seconds.
  path: Assets/Sci Fi Modular Pack/Models/Floor1.fbx
  artifactKey: Guid(9289ca5d7b8ea47feadd93f14c294d1b) Importer(815301076,1909f56bfc062723c751e8b465ee728b)
Start importing Assets/Sci Fi Modular Pack/Models/Floor1.fbx using Guid(9289ca5d7b8ea47feadd93f14c294d1b) Importer(815301076,1909f56bfc062723c751e8b465ee728b)  -> (artifact id: '215ef1c8b38fe16ef8cbabb56ece58cf') in 0.136813 seconds 
  Import took 0.197156 seconds .

========================================================================
Received Import Request.
  Time since last request: 0.000220 seconds.
  path: Assets/Sci Fi Modular Pack/Models/WallIntersection3.fbx
  artifactKey: Guid(ba9515a32ea084cf0b1832e4d456ecec) Importer(815301076,1909f56bfc062723c751e8b465ee728b)
Start importing Assets/Sci Fi Modular Pack/Models/WallIntersection3.fbx using Guid(ba9515a32ea084cf0b1832e4d456ecec) Importer(815301076,1909f56bfc062723c751e8b465ee728b)  -> (artifact id: '68fdb31714f2cc8ecdb2a92bdf2e6a0c') in 0.098452 seconds 
  Import took 0.102454 seconds .

========================================================================
Received Import Request.
  Time since last request: 0.000220 seconds.
  path: Assets/Sci Fi Modular Pack/Models/WallDoor.fbx
  artifactKey: Guid(2397a4829f3474e8e915261f01fda47d) Importer(815301076,1909f56bfc062723c751e8b465ee728b)
Start importing Assets/Sci Fi Modular Pack/Models/WallDoor.fbx using Guid(2397a4829f3474e8e915261f01fda47d) Importer(815301076,1909f56bfc062723c751e8b465ee728b)  -> (artifact id: 'c80ace703c1c019380ea2c282fb6325b') in 0.019794 seconds 
  Import took 0.069120 seconds .

========================================================================
Received Import Request.
  Time since last request: 0.000252 seconds.
  path: Assets/Sci Fi Modular Pack/Models/Wall1.fbx
  artifactKey: Guid(2482c5122844e40f3a32796093441745) Importer(815301076,1909f56bfc062723c751e8b465ee728b)
Start importing Assets/Sci Fi Modular Pack/Models/Wall1.fbx using Guid(2482c5122844e40f3a32796093441745) Importer(815301076,1909f56bfc062723c751e8b465ee728b)  -> (artifact id: '888be24438656f73a8bd87c2177a9cb6') in 0.076994 seconds 
  Import took 0.081708 seconds .

========================================================================
Received Import Request.
  Time since last request: 0.000242 seconds.
  path: Assets/Sci Fi Modular Pack/Models/SideFloor2.fbx
  artifactKey: Guid(256ae929090684381b3f3ef6abc90a33) Importer(815301076,1909f56bfc062723c751e8b465ee728b)
Start importing Assets/Sci Fi Modular Pack/Models/SideFloor2.fbx using Guid(256ae929090684381b3f3ef6abc90a33) Importer(815301076,1909f56bfc062723c751e8b465ee728b)  -> (artifact id: '1e56eac8d3f3f05d89dee864c2ce0c3e') in 0.161655 seconds 
  Import took 0.166222 seconds .

========================================================================
Received Import Request.
  Time since last request: 0.000229 seconds.
  path: Assets/Sci Fi Modular Pack/Prefabs/Light2.prefab
  artifactKey: Guid(025248aa7affe4e249d1ecb153635008) Importer(815301076,1909f56bfc062723c751e8b465ee728b)
Start importing Assets/Sci Fi Modular Pack/Prefabs/Light2.prefab using Guid(025248aa7affe4e249d1ecb153635008) Importer(815301076,1909f56bfc062723c751e8b465ee728b)  -> (artifact id: 'bffe76f08f4bf5ab667448eac83ee787') in 1.484417 seconds 
  Import took 1.490950 seconds .

========================================================================
Received Import Request.
  Time since last request: 0.000468 seconds.
  path: Assets/Sci Fi Modular Pack/Prefabs/Wall12.prefab
  artifactKey: Guid(cc55393986bef4d3a8307ae8b90d9e96) Importer(815301076,1909f56bfc062723c751e8b465ee728b)
Start importing Assets/Sci Fi Modular Pack/Prefabs/Wall12.prefab using Guid(cc55393986bef4d3a8307ae8b90d9e96) Importer(815301076,1909f56bfc062723c751e8b465ee728b)  -> (artifact id: '7634b734e26bec8666a480e8cc6c4eed') in 1.908595 seconds 
  Import took 1.914814 seconds .

========================================================================
Received Import Request.
  Time since last request: 0.000270 seconds.
  path: Assets/Sci Fi Modular Pack/Models/SideFloor1.fbx
  artifactKey: Guid(04e34a43446e24fc684e1f817bc72f43) Importer(815301076,1909f56bfc062723c751e8b465ee728b)
Start importing Assets/Sci Fi Modular Pack/Models/SideFloor1.fbx using Guid(04e34a43446e24fc684e1f817bc72f43) Importer(815301076,1909f56bfc062723c751e8b465ee728b)  -> (artifact id: '146069646d8a21c49a1f7cecb0da53d2') in 0.628501 seconds 
  Import took 0.687301 seconds .

========================================================================
Received Import Request.
  Time since last request: 0.000355 seconds.
  path: Assets/Sci Fi Modular Pack/Models/Wall12.fbx
  artifactKey: Guid(a7908addf22c44cc79c101afc940c30b) Importer(815301076,1909f56bfc062723c751e8b465ee728b)
Start importing Assets/Sci Fi Modular Pack/Models/Wall12.fbx using Guid(a7908addf22c44cc79c101afc940c30b) Importer(815301076,1909f56bfc062723c751e8b465ee728b)  -> (artifact id: '476085ee8d525d1d7de3899827dc0bdd') in 0.019891 seconds 
  Import took 0.025068 seconds .

========================================================================
Received Import Request.
  Time since last request: 0.000261 seconds.
  path: Assets/Sci Fi Modular Pack/Prefabs/Floor1.prefab
  artifactKey: Guid(a20c2fef0621247aeaf88bba4b21c8a3) Importer(815301076,1909f56bfc062723c751e8b465ee728b)
Start importing Assets/Sci Fi Modular Pack/Prefabs/Floor1.prefab using Guid(a20c2fef0621247aeaf88bba4b21c8a3) Importer(815301076,1909f56bfc062723c751e8b465ee728b)  -> (artifact id: 'f8e0161a3f9976f62bb1195f9d1db085') in 1.307022 seconds 
  Import took 1.313138 seconds .

========================================================================
Received Import Request.
  Time since last request: 0.000265 seconds.
  path: Assets/Sci Fi Modular Pack/Models/WallIntersection.fbx
  artifactKey: Guid(e7b2394064b434dcd8acf90528275285) Importer(815301076,1909f56bfc062723c751e8b465ee728b)
Start importing Assets/Sci Fi Modular Pack/Models/WallIntersection.fbx using Guid(e7b2394064b434dcd8acf90528275285) Importer(815301076,1909f56bfc062723c751e8b465ee728b)  -> (artifact id: 'faace3cd36d5128c2c10fa34f9569aac') in 0.028121 seconds 
  Import took 0.033306 seconds .

========================================================================
Received Import Request.
  Time since last request: 0.000132 seconds.
  path: Assets/Sci Fi Modular Pack/Models/Profile1.fbx
  artifactKey: Guid(ee907665968ec434b88759a90902212e) Importer(815301076,1909f56bfc062723c751e8b465ee728b)
Start importing Assets/Sci Fi Modular Pack/Models/Profile1.fbx using Guid(ee907665968ec434b88759a90902212e) Importer(815301076,1909f56bfc062723c751e8b465ee728b)  -> (artifact id: 'da2d711d62c73200aaa346f201aca04e') in 0.162118 seconds 
  Import took 0.166065 seconds .

========================================================================
Received Import Request.
  Time since last request: 0.000237 seconds.
  path: Assets/Sci Fi Modular Pack/Models/Door.fbx
  artifactKey: Guid(52ffe8b9376da4ad7a8bde419cebdb1c) Importer(815301076,1909f56bfc062723c751e8b465ee728b)
Start importing Assets/Sci Fi Modular Pack/Models/Door.fbx using Guid(52ffe8b9376da4ad7a8bde419cebdb1c) Importer(815301076,1909f56bfc062723c751e8b465ee728b)  -> (artifact id: '68a6e230cabd4b17bc9191b13a36bfd9') in 0.040321 seconds 
  Import took 0.062074 seconds .

========================================================================
Received Import Request.
  Time since last request: 0.000179 seconds.
  path: Assets/Sci Fi Modular Pack/Prefabs/WallIntersection1.prefab
  artifactKey: Guid(819c758ec1d154be9ac76b7394611c48) Importer(815301076,1909f56bfc062723c751e8b465ee728b)
Start importing Assets/Sci Fi Modular Pack/Prefabs/WallIntersection1.prefab using Guid(819c758ec1d154be9ac76b7394611c48) Importer(815301076,1909f56bfc062723c751e8b465ee728b)  -> (artifact id: '92dc6239558337fc1584da5caf5896a4') in 0.643008 seconds 
  Import took 0.648000 seconds .

========================================================================
Received Import Request.
  Time since last request: 0.000136 seconds.
  path: Assets/Sci Fi Modular Pack/Models/DoorFrame.fbx
  artifactKey: Guid(f25fdf28785604eebbf1bb1d1eda4a3b) Importer(815301076,1909f56bfc062723c751e8b465ee728b)
Start importing Assets/Sci Fi Modular Pack/Models/DoorFrame.fbx using Guid(f25fdf28785604eebbf1bb1d1eda4a3b) Importer(815301076,1909f56bfc062723c751e8b465ee728b)  -> (artifact id: '24b676414be21126c57e7a63dcc7d00b') in 0.061868 seconds 
  Import took 0.087568 seconds .

========================================================================
Received Import Request.
  Time since last request: 0.000248 seconds.
  path: Assets/Sci Fi Modular Pack/Models/ProfileWindow.fbx
  artifactKey: Guid(234c5d0c3948549bd9657592e4d58471) Importer(815301076,1909f56bfc062723c751e8b465ee728b)
Start importing Assets/Sci Fi Modular Pack/Models/ProfileWindow.fbx using Guid(234c5d0c3948549bd9657592e4d58471) Importer(815301076,1909f56bfc062723c751e8b465ee728b)  -> (artifact id: 'e9faa4d9603cdc99f814b380abd64e59') in 0.082673 seconds 
  Import took 0.086433 seconds .

========================================================================
Received Import Request.
  Time since last request: 0.000195 seconds.
  path: Assets/Sci Fi Modular Pack/Models/TopWall4.fbx
  artifactKey: Guid(d5db039f0039f48c79eec07d8b158f74) Importer(815301076,1909f56bfc062723c751e8b465ee728b)
Start importing Assets/Sci Fi Modular Pack/Models/TopWall4.fbx using Guid(d5db039f0039f48c79eec07d8b158f74) Importer(815301076,1909f56bfc062723c751e8b465ee728b)  -> (artifact id: '5c26649d98c52e51331ef9a6d8762d6b') in 0.268241 seconds 
  Import took 0.272836 seconds .

========================================================================
Received Import Request.
  Time since last request: 0.020720 seconds.
  path: Assets/Sci Fi Modular Pack/Models/Box1.fbx
  artifactKey: Guid(932e77158e189488f912b670519ae527) Importer(815301076,1909f56bfc062723c751e8b465ee728b)
Start importing Assets/Sci Fi Modular Pack/Models/Box1.fbx using Guid(932e77158e189488f912b670519ae527) Importer(815301076,1909f56bfc062723c751e8b465ee728b)  -> (artifact id: '6523eed81da07fa90dc4ca5793afa1ab') in 0.050749 seconds 
  Import took 0.055869 seconds .

========================================================================
Received Import Request.
  Time since last request: 0.000295 seconds.
  path: Assets/Sci Fi Modular Pack/Models/WallIntersection2.fbx
  artifactKey: Guid(06c233e130160473fa9e8ce5a4bbd5c4) Importer(815301076,1909f56bfc062723c751e8b465ee728b)
Start importing Assets/Sci Fi Modular Pack/Models/WallIntersection2.fbx using Guid(06c233e130160473fa9e8ce5a4bbd5c4) Importer(815301076,1909f56bfc062723c751e8b465ee728b)  -> (artifact id: '17704296d3544b6260909ba188df4039') in 0.055612 seconds 
  Import took 0.059800 seconds .

========================================================================
Received Import Request.
  Time since last request: 0.000236 seconds.
  path: Assets/Sci Fi Modular Pack/Models/ProfileDoor.fbx
  artifactKey: Guid(6e19666d26cca4a1bad585bc7422660b) Importer(815301076,1909f56bfc062723c751e8b465ee728b)
Start importing Assets/Sci Fi Modular Pack/Models/ProfileDoor.fbx using Guid(6e19666d26cca4a1bad585bc7422660b) Importer(815301076,1909f56bfc062723c751e8b465ee728b)  -> (artifact id: 'ba87117c5ef056e86cdd4f898e3fcd42') in 0.069683 seconds 
  Import took 0.074280 seconds .

========================================================================
Received Import Request.
  Time since last request: 0.000250 seconds.
  path: Assets/Sci Fi Modular Pack/Prefabs/Floor5.prefab
  artifactKey: Guid(f3e95b07df64f475f8d30ef51a45d2aa) Importer(815301076,1909f56bfc062723c751e8b465ee728b)
Start importing Assets/Sci Fi Modular Pack/Prefabs/Floor5.prefab using Guid(f3e95b07df64f475f8d30ef51a45d2aa) Importer(815301076,1909f56bfc062723c751e8b465ee728b)  -> (artifact id: '90b341fb38136ff7d954be3c3f61d960') in 0.850648 seconds 
  Import took 0.855731 seconds .

========================================================================
Received Import Request.
  Time since last request: 0.000254 seconds.
  path: Assets/Sci Fi Modular Pack/Prefabs/SideFloor2.prefab
  artifactKey: Guid(b1464a6ddbe8f4d6fae0a4ec0e58c5ed) Importer(815301076,1909f56bfc062723c751e8b465ee728b)
Start importing Assets/Sci Fi Modular Pack/Prefabs/SideFloor2.prefab using Guid(b1464a6ddbe8f4d6fae0a4ec0e58c5ed) Importer(815301076,1909f56bfc062723c751e8b465ee728b)  -> (artifact id: '506304ab338b4810e3672a969e0da183') in 1.336034 seconds 
  Import took 1.341667 seconds .

========================================================================
Received Import Request.
  Time since last request: 0.000262 seconds.
  path: Assets/Sci Fi Modular Pack/Prefabs/SideFloor1.prefab
  artifactKey: Guid(8c197a09d07be4d2b9d00b023cca14cd) Importer(815301076,1909f56bfc062723c751e8b465ee728b)
Start importing Assets/Sci Fi Modular Pack/Prefabs/SideFloor1.prefab using Guid(8c197a09d07be4d2b9d00b023cca14cd) Importer(815301076,1909f56bfc062723c751e8b465ee728b)  -> (artifact id: 'c3b25a4a9da35026f4975aff06771ebc') in 1.295257 seconds 
  Import took 1.301739 seconds .

========================================================================
Received Import Request.
  Time since last request: 0.027299 seconds.
  path: Assets/Sci Fi Modular Pack/Scenes/Demo 1.0 Free/OcclusionCullingData.asset
  artifactKey: Guid(e240655967f5e4e4a9ba16e0dd53b140) Importer(815301076,1909f56bfc062723c751e8b465ee728b)
Start importing Assets/Sci Fi Modular Pack/Scenes/Demo 1.0 Free/OcclusionCullingData.asset using Guid(e240655967f5e4e4a9ba16e0dd53b140) Importer(815301076,1909f56bfc062723c751e8b465ee728b)  -> (artifact id: 'c3f881ef4a34b864df18858570fbfca7') in 0.585660 seconds 
  Import took 0.592741 seconds .

========================================================================
Received Import Request.
  Time since last request: 0.000255 seconds.
  path: Assets/Sci Fi Modular Pack/Prefabs/SideWall1.1.prefab
  artifactKey: Guid(6b73bd9b0c9a248c89e59f013f13eb6e) Importer(815301076,1909f56bfc062723c751e8b465ee728b)
Start importing Assets/Sci Fi Modular Pack/Prefabs/SideWall1.1.prefab using Guid(6b73bd9b0c9a248c89e59f013f13eb6e) Importer(815301076,1909f56bfc062723c751e8b465ee728b)  -> (artifact id: '6d44fd0125a8e75bcb42de7b8e434bcf') in 1.445188 seconds 
  Import took 1.451844 seconds .

========================================================================
Received Import Request.
  Time since last request: 0.000284 seconds.
  path: Assets/Sci Fi Modular Pack/Models/Floor2.fbx
  artifactKey: Guid(dddd5c0cb04c04afa9fccd6526cab02c) Importer(815301076,1909f56bfc062723c751e8b465ee728b)
Start importing Assets/Sci Fi Modular Pack/Models/Floor2.fbx using Guid(dddd5c0cb04c04afa9fccd6526cab02c) Importer(815301076,1909f56bfc062723c751e8b465ee728b)  -> (artifact id: '7a1dce4a27745bc88aba6dfd39917765') in 0.242026 seconds 
  Import took 0.245789 seconds .

========================================================================
Received Import Request.
  Time since last request: 0.000238 seconds.
  path: Assets/Sci Fi Modular Pack/Prefabs/DoorFrame.prefab
  artifactKey: Guid(ebafa5c675faf4a749589436d53ad351) Importer(815301076,1909f56bfc062723c751e8b465ee728b)
Start importing Assets/Sci Fi Modular Pack/Prefabs/DoorFrame.prefab using Guid(ebafa5c675faf4a749589436d53ad351) Importer(815301076,1909f56bfc062723c751e8b465ee728b)  -> (artifact id: '2d3d37b89ccc5f9876ab377a30c6ff06') in 3.092928 seconds 
  Import took 3.099175 seconds .

========================================================================
Received Import Request.
  Time since last request: 0.000328 seconds.
  path: Assets/Sci Fi Modular Pack/Scenes/Demo 1.0 Free.unity
  artifactKey: Guid(61c3fc2c1be344690b19efb0147d93ee) Importer(815301076,1909f56bfc062723c751e8b465ee728b)
Start importing Assets/Sci Fi Modular Pack/Scenes/Demo 1.0 Free.unity using Guid(61c3fc2c1be344690b19efb0147d93ee) Importer(815301076,1909f56bfc062723c751e8b465ee728b)  -> (artifact id: '89950dd67a61224b19e88696f6fffaaf') in 0.040732 seconds 
  Import took 0.109882 seconds .

========================================================================
Received Import Request.
  Time since last request: 0.000336 seconds.
  path: Assets/Sci Fi Modular Pack/Prefabs/Floor4.prefab
  artifactKey: Guid(a8888cfd1c3e64140917af4a570ecd07) Importer(815301076,1909f56bfc062723c751e8b465ee728b)
Start importing Assets/Sci Fi Modular Pack/Prefabs/Floor4.prefab using Guid(a8888cfd1c3e64140917af4a570ecd07) Importer(815301076,1909f56bfc062723c751e8b465ee728b)  -> (artifact id: 'd2d4636d1c743e0152e1fcc3f8aa4373') in 2.163054 seconds 
  Import took 2.169715 seconds .

========================================================================
Received Import Request.
  Time since last request: 0.000380 seconds.
  path: Assets/Sci Fi Modular Pack/Models/IntersectionSideFloor.fbx
  artifactKey: Guid(153c4c9e17e5c404d96492ed274b08fe) Importer(815301076,1909f56bfc062723c751e8b465ee728b)
Start importing Assets/Sci Fi Modular Pack/Models/IntersectionSideFloor.fbx using Guid(153c4c9e17e5c404d96492ed274b08fe) Importer(815301076,1909f56bfc062723c751e8b465ee728b)  -> (artifact id: '67639196db145c52ad230e9c6ed2d186') in 0.151150 seconds 
  Import took 0.182036 seconds .

========================================================================
Received Import Request.
  Time since last request: 0.000333 seconds.
  path: Assets/Sci Fi Modular Pack/Prefabs/IntersectionSideFloor.prefab
  artifactKey: Guid(d5d9b38faad724fa0855ec2bbd572999) Importer(815301076,1909f56bfc062723c751e8b465ee728b)
Start importing Assets/Sci Fi Modular Pack/Prefabs/IntersectionSideFloor.prefab using Guid(d5d9b38faad724fa0855ec2bbd572999) Importer(815301076,1909f56bfc062723c751e8b465ee728b)  -> (artifact id: 'c45c5d148bd673383cca1ac75a04457d') in 1.727328 seconds 
  Import took 1.732634 seconds .

========================================================================
Received Import Request.
  Time since last request: 0.000172 seconds.
  path: Assets/Sci Fi Modular Pack/Models/Box3.fbx
  artifactKey: Guid(7183a75afe981473889ad1caa215f6cf) Importer(815301076,1909f56bfc062723c751e8b465ee728b)
Start importing Assets/Sci Fi Modular Pack/Models/Box3.fbx using Guid(7183a75afe981473889ad1caa215f6cf) Importer(815301076,1909f56bfc062723c751e8b465ee728b)  -> (artifact id: 'e5dd827c8c15846cbcabbbde5618fee2') in 0.200541 seconds 
  Import took 0.270249 seconds .

========================================================================
Received Import Request.
  Time since last request: 0.000205 seconds.
  path: Assets/Sci Fi Modular Pack/Models/Light1.fbx
  artifactKey: Guid(5c10f386ebfed4a07bf2755c59c4ace9) Importer(815301076,1909f56bfc062723c751e8b465ee728b)
Start importing Assets/Sci Fi Modular Pack/Models/Light1.fbx using Guid(5c10f386ebfed4a07bf2755c59c4ace9) Importer(815301076,1909f56bfc062723c751e8b465ee728b)  -> (artifact id: 'ac6a1ab252f978ff054d62d0e1d042d7') in 0.398181 seconds 
  Import took 0.402086 seconds .

========================================================================
Received Import Request.
  Time since last request: 3.567700 seconds.
  path: Assets/Sci Fi Modular Pack/Prefabs/Starter
  artifactKey: Guid(ddb6d806c1cbe49299cf6bc8ccad4bd0) Importer(815301076,1909f56bfc062723c751e8b465ee728b)
Start importing Assets/Sci Fi Modular Pack/Prefabs/Starter using Guid(ddb6d806c1cbe49299cf6bc8ccad4bd0) Importer(815301076,1909f56bfc062723c751e8b465ee728b)  -> (artifact id: 'ed3ae72b3fe7d3e35c7e7f6fcf833dee') in 0.000652 seconds 
  Import took 0.004474 seconds .

========================================================================
Received Import Request.
  Time since last request: 2.245188 seconds.
  path: Assets/Sci Fi Modular Pack/Prefabs/Starter/Profile1.prefab
  artifactKey: Guid(89d108df7a349479ea4d2bce4043c000) Importer(815301076,1909f56bfc062723c751e8b465ee728b)
Start importing Assets/Sci Fi Modular Pack/Prefabs/Starter/Profile1.prefab using Guid(89d108df7a349479ea4d2bce4043c000) Importer(815301076,1909f56bfc062723c751e8b465ee728b)  -> (artifact id: '39f5b25b217d91f8f828f802fa2e2755') in 21.937517 seconds 
  Import took 22.267631 seconds .

========================================================================
Received Import Request.
  Time since last request: 0.000288 seconds.
  path: Assets/Sci Fi Modular Pack/Prefabs/Starter/ProfileDoor.prefab
  artifactKey: Guid(9ce165dd222504a7dada2f13901e2cbd) Importer(815301076,1909f56bfc062723c751e8b465ee728b)
Start importing Assets/Sci Fi Modular Pack/Prefabs/Starter/ProfileDoor.prefab using Guid(9ce165dd222504a7dada2f13901e2cbd) Importer(815301076,1909f56bfc062723c751e8b465ee728b)  -> (artifact id: '53f09ab2b935623b6311a4fdd47f2369') in 13.367059 seconds 
  Import took 13.561277 seconds .

========================================================================
Received Import Request.
  Time since last request: 292.959818 seconds.
  path: Assets/Sci Fi Modular Pack/Scripts/CameraController.cs
  artifactKey: Guid(0eeffebf09e714fcd8d3c21c3395381c) Importer(815301076,1909f56bfc062723c751e8b465ee728b)
Start importing Assets/Sci Fi Modular Pack/Scripts/CameraController.cs using Guid(0eeffebf09e714fcd8d3c21c3395381c) Importer(815301076,1909f56bfc062723c751e8b465ee728b)  -> (artifact id: '11003efaa7cef642a329f50a8aac592d') in 0.060269 seconds 
  Import took 0.068101 seconds .

========================================================================
Received Prepare
Registering precompiled user dll's ...
Registered in 0.061124 seconds.
Begin MonoManager ReloadAssembly
Native extension for LinuxStandalone target not found
Native extension for WebGL target not found
Refreshing native plugins compatible for Editor in 0.54 ms, found 0 plugins.
Preloading 0 native plugins for Editor in 0.00 ms.
Mono: successfully reloaded assembly
- Completed reload, in  2.839 seconds
Domain Reload Profiling:
	ReloadAssembly (2839ms)
		BeginReloadAssembly (254ms)
			ExecutionOrderSort (0ms)
			DisableScriptedObjects (6ms)
			BackupInstance (0ms)
			ReleaseScriptingObjects (0ms)
			CreateAndSetChildDomain (63ms)
		EndReloadAssembly (2516ms)
			LoadAssemblies (1384ms)
			RebuildTransferFunctionScriptingTraits (0ms)
			SetupTypeCache (337ms)
			ReleaseScriptCaches (1ms)
			RebuildScriptCaches (56ms)
			SetupLoadedEditorAssemblies (511ms)
				LogAssemblyErrors (0ms)
				InitializePlatformSupportModulesInManaged (15ms)
				SetLoadedEditorAssemblies (1ms)
				RefreshPlugins (1ms)
				BeforeProcessingInitializeOnLoad (55ms)
				ProcessInitializeOnLoadAttributes (427ms)
				ProcessInitializeOnLoadMethodAttributes (9ms)
				AfterProcessingInitializeOnLoad (4ms)
				EditorAssembliesLoaded (0ms)
			ExecutionOrderSort2 (0ms)
			AwakeInstancesAfterBackupRestoration (8ms)
Platform modules already initialized, skipping
Refreshing native plugins compatible for Editor in 0.88 ms, found 0 plugins.
Preloading 0 native plugins for Editor in 0.00 ms.
Unloading 2226 Unused Serialized files (Serialized files now loaded: 0)
System memory in use before: 92.5 MB.
System memory in use after: 92.7 MB.

Unloading 12 unused Assets to reduce memory usage. Loaded Objects now: 2745.
Total: 12.294471 ms (FindLiveObjects: 0.385054 ms CreateObjectMapping: 0.128832 ms MarkObjects: 11.716164 ms  DeleteObjects: 0.062347 ms)

AssetImportParameters requested are different than current active one (requested -> active):
  custom:video-decoder-ogg-theora: a1e56fd34408186e4bbccfd4996cb3dc -> 
  custom:container-muxer-webm: aa71ff27fc2769a1b78a27578f13a17b -> 
  custom:container-demuxer-webm: 4f35f7cbe854078d1ac9338744f61a02 -> 
  custom:container-demuxer-ogg: 62fdf1f143b41e24485cea50d1cbac27 -> 
  custom:video-encoder-webm-vp8: eb34c28f22e8b96e1ab97ce403110664 -> 
  custom:video-decoder-webm-vp8: 9c59270c3fd7afecdb556c50c9e8de78 -> 
  custom:audio-decoder-ogg-vorbis: bf7c407c2cedff20999df2af8eb42d56 -> 
  custom:audio-encoder-webm-vorbis: bf7c407c2cedff20999df2af8eb42d56 -> 
========================================================================
Received Prepare
Registering precompiled user dll's ...
Registered in 0.001702 seconds.
Begin MonoManager ReloadAssembly
Native extension for LinuxStandalone target not found
Native extension for WebGL target not found
Refreshing native plugins compatible for Editor in 0.64 ms, found 0 plugins.
Preloading 0 native plugins for Editor in 0.00 ms.
Mono: successfully reloaded assembly
- Completed reload, in  1.238 seconds
Domain Reload Profiling:
	ReloadAssembly (1239ms)
		BeginReloadAssembly (113ms)
			ExecutionOrderSort (0ms)
			DisableScriptedObjects (6ms)
			BackupInstance (0ms)
			ReleaseScriptingObjects (0ms)
			CreateAndSetChildDomain (46ms)
		EndReloadAssembly (1054ms)
			LoadAssemblies (77ms)
			RebuildTransferFunctionScriptingTraits (0ms)
			SetupTypeCache (359ms)
			ReleaseScriptCaches (1ms)
			RebuildScriptCaches (56ms)
			SetupLoadedEditorAssemblies (419ms)
				LogAssemblyErrors (0ms)
				InitializePlatformSupportModulesInManaged (15ms)
				SetLoadedEditorAssemblies (1ms)
				RefreshPlugins (1ms)
				BeforeProcessingInitializeOnLoad (58ms)
				ProcessInitializeOnLoadAttributes (333ms)
				ProcessInitializeOnLoadMethodAttributes (8ms)
				AfterProcessingInitializeOnLoad (3ms)
				EditorAssembliesLoaded (0ms)
			ExecutionOrderSort2 (0ms)
			AwakeInstancesAfterBackupRestoration (8ms)
Platform modules already initialized, skipping
Refreshing native plugins compatible for Editor in 0.67 ms, found 0 plugins.
Preloading 0 native plugins for Editor in 0.00 ms.
Unloading 2226 Unused Serialized files (Serialized files now loaded: 0)
System memory in use before: 92.6 MB.
System memory in use after: 92.7 MB.

Unloading 12 unused Assets to reduce memory usage. Loaded Objects now: 2747.
Total: 9.506811 ms (FindLiveObjects: 0.309822 ms CreateObjectMapping: 0.086122 ms MarkObjects: 9.054390 ms  DeleteObjects: 0.054492 ms)

AssetImportParameters requested are different than current active one (requested -> active):
  custom:video-decoder-ogg-theora: a1e56fd34408186e4bbccfd4996cb3dc -> 
  custom:container-muxer-webm: aa71ff27fc2769a1b78a27578f13a17b -> 
  custom:container-demuxer-webm: 4f35f7cbe854078d1ac9338744f61a02 -> 
  custom:container-demuxer-ogg: 62fdf1f143b41e24485cea50d1cbac27 -> 
  custom:video-encoder-webm-vp8: eb34c28f22e8b96e1ab97ce403110664 -> 
  custom:video-decoder-webm-vp8: 9c59270c3fd7afecdb556c50c9e8de78 -> 
  custom:audio-decoder-ogg-vorbis: bf7c407c2cedff20999df2af8eb42d56 -> 
  custom:audio-encoder-webm-vorbis: bf7c407c2cedff20999df2af8eb42d56 -> 
========================================================================
Received Prepare
Registering precompiled user dll's ...
Registered in 0.001742 seconds.
Begin MonoManager ReloadAssembly
Native extension for LinuxStandalone target not found
Native extension for WebGL target not found
Refreshing native plugins compatible for Editor in 0.58 ms, found 0 plugins.
Preloading 0 native plugins for Editor in 0.00 ms.
Mono: successfully reloaded assembly
- Completed reload, in  1.333 seconds
Domain Reload Profiling:
	ReloadAssembly (1333ms)
		BeginReloadAssembly (120ms)
			ExecutionOrderSort (0ms)
			DisableScriptedObjects (5ms)
			BackupInstance (0ms)
			ReleaseScriptingObjects (0ms)
			CreateAndSetChildDomain (46ms)
		EndReloadAssembly (1141ms)
			LoadAssemblies (82ms)
			RebuildTransferFunctionScriptingTraits (0ms)
			SetupTypeCache (382ms)
			ReleaseScriptCaches (2ms)
			RebuildScriptCaches (63ms)
			SetupLoadedEditorAssemblies (439ms)
				LogAssemblyErrors (0ms)
				InitializePlatformSupportModulesInManaged (16ms)
				SetLoadedEditorAssemblies (1ms)
				RefreshPlugins (1ms)
				BeforeProcessingInitializeOnLoad (58ms)
				ProcessInitializeOnLoadAttributes (351ms)
				ProcessInitializeOnLoadMethodAttributes (9ms)
				AfterProcessingInitializeOnLoad (4ms)
				EditorAssembliesLoaded (0ms)
			ExecutionOrderSort2 (0ms)
			AwakeInstancesAfterBackupRestoration (9ms)
Platform modules already initialized, skipping
Refreshing native plugins compatible for Editor in 0.89 ms, found 0 plugins.
Preloading 0 native plugins for Editor in 0.00 ms.
Unloading 2226 Unused Serialized files (Serialized files now loaded: 0)
System memory in use before: 92.7 MB.
System memory in use after: 92.8 MB.

Unloading 12 unused Assets to reduce memory usage. Loaded Objects now: 2749.
Total: 11.813196 ms (FindLiveObjects: 0.374724 ms CreateObjectMapping: 0.149782 ms MarkObjects: 11.226143 ms  DeleteObjects: 0.060403 ms)

AssetImportParameters requested are different than current active one (requested -> active):
  custom:video-decoder-ogg-theora: a1e56fd34408186e4bbccfd4996cb3dc -> 
  custom:container-muxer-webm: aa71ff27fc2769a1b78a27578f13a17b -> 
  custom:container-demuxer-webm: 4f35f7cbe854078d1ac9338744f61a02 -> 
  custom:container-demuxer-ogg: 62fdf1f143b41e24485cea50d1cbac27 -> 
  custom:video-encoder-webm-vp8: eb34c28f22e8b96e1ab97ce403110664 -> 
  custom:video-decoder-webm-vp8: 9c59270c3fd7afecdb556c50c9e8de78 -> 
  custom:audio-decoder-ogg-vorbis: bf7c407c2cedff20999df2af8eb42d56 -> 
  custom:audio-encoder-webm-vorbis: bf7c407c2cedff20999df2af8eb42d56 -> 
========================================================================
Received Prepare
Registering precompiled user dll's ...
Registered in 0.001722 seconds.
Begin MonoManager ReloadAssembly
Native extension for LinuxStandalone target not found
Native extension for WebGL target not found
Refreshing native plugins compatible for Editor in 0.57 ms, found 0 plugins.
Preloading 0 native plugins for Editor in 0.00 ms.
Mono: successfully reloaded assembly
- Completed reload, in  1.276 seconds
Domain Reload Profiling:
	ReloadAssembly (1277ms)
		BeginReloadAssembly (119ms)
			ExecutionOrderSort (0ms)
			DisableScriptedObjects (6ms)
			BackupInstance (0ms)
			ReleaseScriptingObjects (0ms)
			CreateAndSetChildDomain (45ms)
		EndReloadAssembly (1088ms)
			LoadAssemblies (77ms)
			RebuildTransferFunctionScriptingTraits (0ms)
			SetupTypeCache (349ms)
			ReleaseScriptCaches (1ms)
			RebuildScriptCaches (59ms)
			SetupLoadedEditorAssemblies (461ms)
				LogAssemblyErrors (0ms)
				InitializePlatformSupportModulesInManaged (45ms)
				SetLoadedEditorAssemblies (1ms)
				RefreshPlugins (1ms)
				BeforeProcessingInitializeOnLoad (54ms)
				ProcessInitializeOnLoadAttributes (348ms)
				ProcessInitializeOnLoadMethodAttributes (8ms)
				AfterProcessingInitializeOnLoad (3ms)
				EditorAssembliesLoaded (0ms)
			ExecutionOrderSort2 (0ms)
			AwakeInstancesAfterBackupRestoration (8ms)
Platform modules already initialized, skipping
Refreshing native plugins compatible for Editor in 0.55 ms, found 0 plugins.
Preloading 0 native plugins for Editor in 0.00 ms.
Unloading 2226 Unused Serialized files (Serialized files now loaded: 0)
System memory in use before: 92.7 MB.
System memory in use after: 92.9 MB.

Unloading 12 unused Assets to reduce memory usage. Loaded Objects now: 2751.
Total: 12.602470 ms (FindLiveObjects: 0.361340 ms CreateObjectMapping: 0.118112 ms MarkObjects: 12.079958 ms  DeleteObjects: 0.041267 ms)

AssetImportParameters requested are different than current active one (requested -> active):
  custom:video-decoder-ogg-theora: a1e56fd34408186e4bbccfd4996cb3dc -> 
  custom:container-muxer-webm: aa71ff27fc2769a1b78a27578f13a17b -> 
  custom:container-demuxer-webm: 4f35f7cbe854078d1ac9338744f61a02 -> 
  custom:container-demuxer-ogg: 62fdf1f143b41e24485cea50d1cbac27 -> 
  custom:video-encoder-webm-vp8: eb34c28f22e8b96e1ab97ce403110664 -> 
  custom:video-decoder-webm-vp8: 9c59270c3fd7afecdb556c50c9e8de78 -> 
  custom:audio-decoder-ogg-vorbis: bf7c407c2cedff20999df2af8eb42d56 -> 
  custom:audio-encoder-webm-vorbis: bf7c407c2cedff20999df2af8eb42d56 -> 
========================================================================
Received Import Request.
  Time since last request: 487.594577 seconds.
  path: Assets/Scenes/Probuilder.unity
  artifactKey: Guid(0b3eeea49e9664b9c806f615e0badc55) Importer(815301076,1909f56bfc062723c751e8b465ee728b)
Start importing Assets/Scenes/Probuilder.unity using Guid(0b3eeea49e9664b9c806f615e0badc55) Importer(815301076,1909f56bfc062723c751e8b465ee728b)  -> (artifact id: '0b4d3cc5fd23682837911638bea97c42') in 0.163943 seconds 
  Import took 0.465491 seconds .

========================================================================
Received Prepare
Registering precompiled user dll's ...
Registered in 0.002513 seconds.
Begin MonoManager ReloadAssembly
Native extension for LinuxStandalone target not found
Native extension for WebGL target not found
Refreshing native plugins compatible for Editor in 0.57 ms, found 0 plugins.
Preloading 0 native plugins for Editor in 0.00 ms.
Mono: successfully reloaded assembly
- Completed reload, in  1.313 seconds
Domain Reload Profiling:
	ReloadAssembly (1314ms)
		BeginReloadAssembly (120ms)
			ExecutionOrderSort (0ms)
			DisableScriptedObjects (6ms)
			BackupInstance (0ms)
			ReleaseScriptingObjects (0ms)
			CreateAndSetChildDomain (46ms)
		EndReloadAssembly (1122ms)
			LoadAssemblies (79ms)
			RebuildTransferFunctionScriptingTraits (0ms)
			SetupTypeCache (353ms)
			ReleaseScriptCaches (1ms)
			RebuildScriptCaches (58ms)
			SetupLoadedEditorAssemblies (409ms)
				LogAssemblyErrors (0ms)
				InitializePlatformSupportModulesInManaged (15ms)
				SetLoadedEditorAssemblies (1ms)
				RefreshPlugins (1ms)
				BeforeProcessingInitializeOnLoad (52ms)
				ProcessInitializeOnLoadAttributes (329ms)
				ProcessInitializeOnLoadMethodAttributes (8ms)
				AfterProcessingInitializeOnLoad (3ms)
				EditorAssembliesLoaded (0ms)
			ExecutionOrderSort2 (0ms)
			AwakeInstancesAfterBackupRestoration (8ms)
Platform modules already initialized, skipping
Refreshing native plugins compatible for Editor in 0.88 ms, found 0 plugins.
Preloading 0 native plugins for Editor in 0.00 ms.
Unloading 2226 Unused Serialized files (Serialized files now loaded: 0)
System memory in use before: 92.6 MB.
System memory in use after: 92.8 MB.

Unloading 12 unused Assets to reduce memory usage. Loaded Objects now: 2753.
Total: 10.809399 ms (FindLiveObjects: 0.364245 ms CreateObjectMapping: 0.116639 ms MarkObjects: 10.280375 ms  DeleteObjects: 0.046207 ms)

AssetImportParameters requested are different than current active one (requested -> active):
  custom:video-decoder-ogg-theora: a1e56fd34408186e4bbccfd4996cb3dc -> 
  custom:container-muxer-webm: aa71ff27fc2769a1b78a27578f13a17b -> 
  custom:container-demuxer-webm: 4f35f7cbe854078d1ac9338744f61a02 -> 
  custom:container-demuxer-ogg: 62fdf1f143b41e24485cea50d1cbac27 -> 
  custom:video-encoder-webm-vp8: eb34c28f22e8b96e1ab97ce403110664 -> 
  custom:video-decoder-webm-vp8: 9c59270c3fd7afecdb556c50c9e8de78 -> 
  custom:audio-decoder-ogg-vorbis: bf7c407c2cedff20999df2af8eb42d56 -> 
  custom:audio-encoder-webm-vorbis: bf7c407c2cedff20999df2af8eb42d56 -> 
========================================================================
Received Import Request.
  Time since last request: 184.375784 seconds.
  path: Assets/Scripts/NavAgent.cs
  artifactKey: Guid(78494701d06f307b38dc3ec578304a72) Importer(815301076,1909f56bfc062723c751e8b465ee728b)
Start importing Assets/Scripts/NavAgent.cs using Guid(78494701d06f307b38dc3ec578304a72) Importer(815301076,1909f56bfc062723c751e8b465ee728b)  -> (artifact id: '24eb22e1f40d571c882fbe860eaec4e9') in 0.215285 seconds 
  Import took 0.222096 seconds .

========================================================================
Received Prepare
Registering precompiled user dll's ...
Registered in 0.001748 seconds.
Begin MonoManager ReloadAssembly
Native extension for LinuxStandalone target not found
Native extension for WebGL target not found
Refreshing native plugins compatible for Editor in 0.57 ms, found 0 plugins.
Preloading 0 native plugins for Editor in 0.00 ms.
Mono: successfully reloaded assembly
- Completed reload, in  1.238 seconds
Domain Reload Profiling:
	ReloadAssembly (1238ms)
		BeginReloadAssembly (120ms)
			ExecutionOrderSort (0ms)
			DisableScriptedObjects (6ms)
			BackupInstance (0ms)
			ReleaseScriptingObjects (0ms)
			CreateAndSetChildDomain (48ms)
		EndReloadAssembly (1039ms)
			LoadAssemblies (77ms)
			RebuildTransferFunctionScriptingTraits (0ms)
			SetupTypeCache (346ms)
			ReleaseScriptCaches (1ms)
			RebuildScriptCaches (58ms)
			SetupLoadedEditorAssemblies (420ms)
				LogAssemblyErrors (0ms)
				InitializePlatformSupportModulesInManaged (15ms)
				SetLoadedEditorAssemblies (1ms)
				RefreshPlugins (1ms)
				BeforeProcessingInitializeOnLoad (54ms)
				ProcessInitializeOnLoadAttributes (338ms)
				ProcessInitializeOnLoadMethodAttributes (9ms)
				AfterProcessingInitializeOnLoad (3ms)
				EditorAssembliesLoaded (0ms)
			ExecutionOrderSort2 (0ms)
			AwakeInstancesAfterBackupRestoration (9ms)
Platform modules already initialized, skipping
Refreshing native plugins compatible for Editor in 0.61 ms, found 0 plugins.
Preloading 0 native plugins for Editor in 0.00 ms.
Unloading 2226 Unused Serialized files (Serialized files now loaded: 0)
System memory in use before: 92.7 MB.
System memory in use after: 92.9 MB.

Unloading 12 unused Assets to reduce memory usage. Loaded Objects now: 2755.
Total: 11.258143 ms (FindLiveObjects: 0.385274 ms CreateObjectMapping: 0.119805 ms MarkObjects: 10.701927 ms  DeleteObjects: 0.049493 ms)

AssetImportParameters requested are different than current active one (requested -> active):
  custom:video-decoder-ogg-theora: a1e56fd34408186e4bbccfd4996cb3dc -> 
  custom:container-muxer-webm: aa71ff27fc2769a1b78a27578f13a17b -> 
  custom:container-demuxer-webm: 4f35f7cbe854078d1ac9338744f61a02 -> 
  custom:container-demuxer-ogg: 62fdf1f143b41e24485cea50d1cbac27 -> 
  custom:video-encoder-webm-vp8: eb34c28f22e8b96e1ab97ce403110664 -> 
  custom:video-decoder-webm-vp8: 9c59270c3fd7afecdb556c50c9e8de78 -> 
  custom:audio-decoder-ogg-vorbis: bf7c407c2cedff20999df2af8eb42d56 -> 
  custom:audio-encoder-webm-vorbis: bf7c407c2cedff20999df2af8eb42d56 -> 
========================================================================
Received Import Request.
  Time since last request: 179.014675 seconds.
  path: Assets/Scripts/NavAgent.cs
  artifactKey: Guid(78494701d06f307b38dc3ec578304a72) Importer(815301076,1909f56bfc062723c751e8b465ee728b)
Start importing Assets/Scripts/NavAgent.cs using Guid(78494701d06f307b38dc3ec578304a72) Importer(815301076,1909f56bfc062723c751e8b465ee728b)  -> (artifact id: 'd70f9c1f9a3cd2268dbf898f7cbf19cd') in 0.006023 seconds 
  Import took 0.011881 seconds .

========================================================================
Received Prepare
Registering precompiled user dll's ...
Registered in 0.001656 seconds.
Begin MonoManager ReloadAssembly
Native extension for LinuxStandalone target not found
Native extension for WebGL target not found
Refreshing native plugins compatible for Editor in 0.57 ms, found 0 plugins.
Preloading 0 native plugins for Editor in 0.00 ms.
Mono: successfully reloaded assembly
- Completed reload, in  1.198 seconds
Domain Reload Profiling:
	ReloadAssembly (1198ms)
		BeginReloadAssembly (115ms)
			ExecutionOrderSort (0ms)
			DisableScriptedObjects (5ms)
			BackupInstance (0ms)
			ReleaseScriptingObjects (0ms)
			CreateAndSetChildDomain (43ms)
		EndReloadAssembly (1016ms)
			LoadAssemblies (74ms)
			RebuildTransferFunctionScriptingTraits (0ms)
			SetupTypeCache (338ms)
			ReleaseScriptCaches (1ms)
			RebuildScriptCaches (56ms)
			SetupLoadedEditorAssemblies (406ms)
				LogAssemblyErrors (0ms)
				InitializePlatformSupportModulesInManaged (15ms)
				SetLoadedEditorAssemblies (1ms)
				RefreshPlugins (1ms)
				BeforeProcessingInitializeOnLoad (53ms)
				ProcessInitializeOnLoadAttributes (326ms)
				ProcessInitializeOnLoadMethodAttributes (8ms)
				AfterProcessingInitializeOnLoad (3ms)
				EditorAssembliesLoaded (0ms)
			ExecutionOrderSort2 (0ms)
			AwakeInstancesAfterBackupRestoration (8ms)
Platform modules already initialized, skipping
Refreshing native plugins compatible for Editor in 0.55 ms, found 0 plugins.
Preloading 0 native plugins for Editor in 0.00 ms.
Unloading 2226 Unused Serialized files (Serialized files now loaded: 0)
System memory in use before: 92.7 MB.
System memory in use after: 92.9 MB.

Unloading 12 unused Assets to reduce memory usage. Loaded Objects now: 2757.
Total: 9.069549 ms (FindLiveObjects: 0.309752 ms CreateObjectMapping: 0.086944 ms MarkObjects: 8.617609 ms  DeleteObjects: 0.053661 ms)

AssetImportParameters requested are different than current active one (requested -> active):
  custom:video-decoder-ogg-theora: a1e56fd34408186e4bbccfd4996cb3dc -> 
  custom:container-muxer-webm: aa71ff27fc2769a1b78a27578f13a17b -> 
  custom:container-demuxer-webm: 4f35f7cbe854078d1ac9338744f61a02 -> 
  custom:container-demuxer-ogg: 62fdf1f143b41e24485cea50d1cbac27 -> 
  custom:video-encoder-webm-vp8: eb34c28f22e8b96e1ab97ce403110664 -> 
  custom:video-decoder-webm-vp8: 9c59270c3fd7afecdb556c50c9e8de78 -> 
  custom:audio-decoder-ogg-vorbis: bf7c407c2cedff20999df2af8eb42d56 -> 
  custom:audio-encoder-webm-vorbis: bf7c407c2cedff20999df2af8eb42d56 -> 
========================================================================
Received Import Request.
  Time since last request: 76.669826 seconds.
  path: Assets/Scripts/NavAgent.cs
  artifactKey: Guid(78494701d06f307b38dc3ec578304a72) Importer(815301076,1909f56bfc062723c751e8b465ee728b)
Start importing Assets/Scripts/NavAgent.cs using Guid(78494701d06f307b38dc3ec578304a72) Importer(815301076,1909f56bfc062723c751e8b465ee728b)  -> (artifact id: '7b8850645ca1a41184706079a430b292') in 0.004745 seconds 
  Import took 0.043285 seconds .

========================================================================
Received Prepare
Registering precompiled user dll's ...
Registered in 0.001667 seconds.
Begin MonoManager ReloadAssembly
Native extension for LinuxStandalone target not found
Native extension for WebGL target not found
Refreshing native plugins compatible for Editor in 0.58 ms, found 0 plugins.
Preloading 0 native plugins for Editor in 0.00 ms.
Mono: successfully reloaded assembly
- Completed reload, in  1.234 seconds
Domain Reload Profiling:
	ReloadAssembly (1234ms)
		BeginReloadAssembly (126ms)
			ExecutionOrderSort (0ms)
			DisableScriptedObjects (6ms)
			BackupInstance (0ms)
			ReleaseScriptingObjects (0ms)
			CreateAndSetChildDomain (51ms)
		EndReloadAssembly (1038ms)
			LoadAssemblies (77ms)
			RebuildTransferFunctionScriptingTraits (0ms)
			SetupTypeCache (348ms)
			ReleaseScriptCaches (1ms)
			RebuildScriptCaches (58ms)
			SetupLoadedEditorAssemblies (416ms)
				LogAssemblyErrors (0ms)
				InitializePlatformSupportModulesInManaged (16ms)
				SetLoadedEditorAssemblies (1ms)
				RefreshPlugins (1ms)
				BeforeProcessingInitializeOnLoad (55ms)
				ProcessInitializeOnLoadAttributes (332ms)
				ProcessInitializeOnLoadMethodAttributes (8ms)
				AfterProcessingInitializeOnLoad (3ms)
				EditorAssembliesLoaded (0ms)
			ExecutionOrderSort2 (0ms)
			AwakeInstancesAfterBackupRestoration (8ms)
Platform modules already initialized, skipping
Refreshing native plugins compatible for Editor in 0.54 ms, found 0 plugins.
Preloading 0 native plugins for Editor in 0.00 ms.
Unloading 2226 Unused Serialized files (Serialized files now loaded: 0)
System memory in use before: 92.7 MB.
System memory in use after: 92.9 MB.

Unloading 12 unused Assets to reduce memory usage. Loaded Objects now: 2759.
Total: 11.477836 ms (FindLiveObjects: 0.376057 ms CreateObjectMapping: 0.119816 ms MarkObjects: 10.934144 ms  DeleteObjects: 0.045385 ms)

AssetImportParameters requested are different than current active one (requested -> active):
  custom:video-decoder-ogg-theora: a1e56fd34408186e4bbccfd4996cb3dc -> 
  custom:container-muxer-webm: aa71ff27fc2769a1b78a27578f13a17b -> 
  custom:container-demuxer-webm: 4f35f7cbe854078d1ac9338744f61a02 -> 
  custom:container-demuxer-ogg: 62fdf1f143b41e24485cea50d1cbac27 -> 
  custom:video-encoder-webm-vp8: eb34c28f22e8b96e1ab97ce403110664 -> 
  custom:video-decoder-webm-vp8: 9c59270c3fd7afecdb556c50c9e8de78 -> 
  custom:audio-decoder-ogg-vorbis: bf7c407c2cedff20999df2af8eb42d56 -> 
  custom:audio-encoder-webm-vorbis: bf7c407c2cedff20999df2af8eb42d56 -> 
========================================================================
Received Import Request.
  Time since last request: 22.314289 seconds.
  path: Assets/Scripts/NavAgent.cs
  artifactKey: Guid(78494701d06f307b38dc3ec578304a72) Importer(815301076,1909f56bfc062723c751e8b465ee728b)
Start importing Assets/Scripts/NavAgent.cs using Guid(78494701d06f307b38dc3ec578304a72) Importer(815301076,1909f56bfc062723c751e8b465ee728b)  -> (artifact id: '4c6ab10ccb960cd0726c3fbc25996d66') in 0.006932 seconds 
  Import took 0.040599 seconds .

========================================================================
Received Prepare
Registering precompiled user dll's ...
Registered in 0.001666 seconds.
Begin MonoManager ReloadAssembly
Native extension for LinuxStandalone target not found
Native extension for WebGL target not found
Refreshing native plugins compatible for Editor in 0.56 ms, found 0 plugins.
Preloading 0 native plugins for Editor in 0.00 ms.
Mono: successfully reloaded assembly
- Completed reload, in  1.235 seconds
Domain Reload Profiling:
	ReloadAssembly (1236ms)
		BeginReloadAssembly (113ms)
			ExecutionOrderSort (0ms)
			DisableScriptedObjects (5ms)
			BackupInstance (0ms)
			ReleaseScriptingObjects (0ms)
			CreateAndSetChildDomain (46ms)
		EndReloadAssembly (1054ms)
			LoadAssemblies (72ms)
			RebuildTransferFunctionScriptingTraits (0ms)
			SetupTypeCache (346ms)
			ReleaseScriptCaches (1ms)
			RebuildScriptCaches (64ms)
			SetupLoadedEditorAssemblies (428ms)
				LogAssemblyErrors (0ms)
				InitializePlatformSupportModulesInManaged (16ms)
				SetLoadedEditorAssemblies (1ms)
				RefreshPlugins (1ms)
				BeforeProcessingInitializeOnLoad (56ms)
				ProcessInitializeOnLoadAttributes (344ms)
				ProcessInitializeOnLoadMethodAttributes (8ms)
				AfterProcessingInitializeOnLoad (3ms)
				EditorAssembliesLoaded (0ms)
			ExecutionOrderSort2 (0ms)
			AwakeInstancesAfterBackupRestoration (8ms)
Platform modules already initialized, skipping
Refreshing native plugins compatible for Editor in 0.54 ms, found 0 plugins.
Preloading 0 native plugins for Editor in 0.00 ms.
Unloading 2226 Unused Serialized files (Serialized files now loaded: 0)
System memory in use before: 92.7 MB.
System memory in use after: 92.9 MB.

Unloading 12 unused Assets to reduce memory usage. Loaded Objects now: 2761.
Total: 9.512782 ms (FindLiveObjects: 0.370607 ms CreateObjectMapping: 0.117591 ms MarkObjects: 8.967287 ms  DeleteObjects: 0.055534 ms)

AssetImportParameters requested are different than current active one (requested -> active):
  custom:video-decoder-ogg-theora: a1e56fd34408186e4bbccfd4996cb3dc -> 
  custom:container-muxer-webm: aa71ff27fc2769a1b78a27578f13a17b -> 
  custom:container-demuxer-webm: 4f35f7cbe854078d1ac9338744f61a02 -> 
  custom:container-demuxer-ogg: 62fdf1f143b41e24485cea50d1cbac27 -> 
  custom:video-encoder-webm-vp8: eb34c28f22e8b96e1ab97ce403110664 -> 
  custom:video-decoder-webm-vp8: 9c59270c3fd7afecdb556c50c9e8de78 -> 
  custom:audio-decoder-ogg-vorbis: bf7c407c2cedff20999df2af8eb42d56 -> 
  custom:audio-encoder-webm-vorbis: bf7c407c2cedff20999df2af8eb42d56 -> 
========================================================================
Received Prepare
Registering precompiled user dll's ...
Registered in 0.001661 seconds.
Begin MonoManager ReloadAssembly
Native extension for LinuxStandalone target not found
Native extension for WebGL target not found
Refreshing native plugins compatible for Editor in 0.55 ms, found 0 plugins.
Preloading 0 native plugins for Editor in 0.00 ms.
Mono: successfully reloaded assembly
- Completed reload, in  1.227 seconds
Domain Reload Profiling:
	ReloadAssembly (1227ms)
		BeginReloadAssembly (118ms)
			ExecutionOrderSort (0ms)
			DisableScriptedObjects (6ms)
			BackupInstance (0ms)
			ReleaseScriptingObjects (0ms)
			CreateAndSetChildDomain (50ms)
		EndReloadAssembly (1040ms)
			LoadAssemblies (73ms)
			RebuildTransferFunctionScriptingTraits (0ms)
			SetupTypeCache (349ms)
			ReleaseScriptCaches (1ms)
			RebuildScriptCaches (56ms)
			SetupLoadedEditorAssemblies (420ms)
				LogAssemblyErrors (0ms)
				InitializePlatformSupportModulesInManaged (15ms)
				SetLoadedEditorAssemblies (1ms)
				RefreshPlugins (1ms)
				BeforeProcessingInitializeOnLoad (54ms)
				ProcessInitializeOnLoadAttributes (338ms)
				ProcessInitializeOnLoadMethodAttributes (8ms)
				AfterProcessingInitializeOnLoad (3ms)
				EditorAssembliesLoaded (0ms)
			ExecutionOrderSort2 (0ms)
			AwakeInstancesAfterBackupRestoration (8ms)
Platform modules already initialized, skipping
Refreshing native plugins compatible for Editor in 0.57 ms, found 0 plugins.
Preloading 0 native plugins for Editor in 0.00 ms.
Unloading 2226 Unused Serialized files (Serialized files now loaded: 0)
System memory in use before: 92.6 MB.
System memory in use after: 92.8 MB.

Unloading 12 unused Assets to reduce memory usage. Loaded Objects now: 2763.
Total: 9.989298 ms (FindLiveObjects: 0.277552 ms CreateObjectMapping: 0.065032 ms MarkObjects: 9.602130 ms  DeleteObjects: 0.043512 ms)

AssetImportParameters requested are different than current active one (requested -> active):
  custom:video-decoder-ogg-theora: a1e56fd34408186e4bbccfd4996cb3dc -> 
  custom:container-muxer-webm: aa71ff27fc2769a1b78a27578f13a17b -> 
  custom:container-demuxer-webm: 4f35f7cbe854078d1ac9338744f61a02 -> 
  custom:container-demuxer-ogg: 62fdf1f143b41e24485cea50d1cbac27 -> 
  custom:video-encoder-webm-vp8: eb34c28f22e8b96e1ab97ce403110664 -> 
  custom:video-decoder-webm-vp8: 9c59270c3fd7afecdb556c50c9e8de78 -> 
  custom:audio-decoder-ogg-vorbis: bf7c407c2cedff20999df2af8eb42d56 -> 
  custom:audio-encoder-webm-vorbis: bf7c407c2cedff20999df2af8eb42d56 -> 
========================================================================
Received Prepare
Registering precompiled user dll's ...
Registered in 0.182855 seconds.
Begin MonoManager ReloadAssembly
Native extension for LinuxStandalone target not found
Native extension for WebGL target not found
Refreshing native plugins compatible for Editor in 0.61 ms, found 0 plugins.
Preloading 0 native plugins for Editor in 0.00 ms.
Mono: successfully reloaded assembly
- Completed reload, in 46.352 seconds
Domain Reload Profiling:
	ReloadAssembly (47302ms)
		BeginReloadAssembly (35495ms)
			ExecutionOrderSort (0ms)
			DisableScriptedObjects (2251ms)
			BackupInstance (0ms)
			ReleaseScriptingObjects (44ms)
			CreateAndSetChildDomain (22109ms)
		EndReloadAssembly (10220ms)
			LoadAssemblies (4139ms)
			RebuildTransferFunctionScriptingTraits (17ms)
			SetupTypeCache (3651ms)
			ReleaseScriptCaches (53ms)
			RebuildScriptCaches (80ms)
			SetupLoadedEditorAssemblies (2047ms)
				LogAssemblyErrors (0ms)
				InitializePlatformSupportModulesInManaged (193ms)
				SetLoadedEditorAssemblies (8ms)
				RefreshPlugins (1ms)
				BeforeProcessingInitializeOnLoad (264ms)
				ProcessInitializeOnLoadAttributes (1533ms)
				ProcessInitializeOnLoadMethodAttributes (15ms)
				AfterProcessingInitializeOnLoad (3ms)
				EditorAssembliesLoaded (31ms)
			ExecutionOrderSort2 (0ms)
			AwakeInstancesAfterBackupRestoration (15ms)
Platform modules already initialized, skipping
Refreshing native plugins compatible for Editor in 0.91 ms, found 0 plugins.
Preloading 0 native plugins for Editor in 0.00 ms.
Unloading 2226 Unused Serialized files (Serialized files now loaded: 0)
System memory in use before: 92.7 MB.
System memory in use after: 92.9 MB.

Unloading 12 unused Assets to reduce memory usage. Loaded Objects now: 2765.
Total: 142.447721 ms (FindLiveObjects: 31.529047 ms CreateObjectMapping: 0.163357 ms MarkObjects: 110.672050 ms  DeleteObjects: 0.079860 ms)

AssetImportParameters requested are different than current active one (requested -> active):
  custom:video-decoder-ogg-theora: a1e56fd34408186e4bbccfd4996cb3dc -> 
  custom:container-muxer-webm: aa71ff27fc2769a1b78a27578f13a17b -> 
  custom:container-demuxer-webm: 4f35f7cbe854078d1ac9338744f61a02 -> 
  custom:container-demuxer-ogg: 62fdf1f143b41e24485cea50d1cbac27 -> 
  custom:video-encoder-webm-vp8: eb34c28f22e8b96e1ab97ce403110664 -> 
  custom:video-decoder-webm-vp8: 9c59270c3fd7afecdb556c50c9e8de78 -> 
  custom:audio-decoder-ogg-vorbis: bf7c407c2cedff20999df2af8eb42d56 -> 
  custom:audio-encoder-webm-vorbis: bf7c407c2cedff20999df2af8eb42d56 -> 
AssetImportWorkerClient::OnTransportError - code=2 error=End of file
